2016-07-01T18:45:31.733727+00:00 app[web.1]: 	at org.apache.coyote.AbstractProtocol$AbstractConnectionHandler.process(AbstractProtocol.java:673)
2016-07-01T18:45:31.733790+00:00 app[web.1]: 	at java.util.concurrent.ThreadPoolExecutor$Worker.run(ThreadPoolExecutor.java:617)
2016-07-01T18:45:31.733743+00:00 app[web.1]: 	at org.apache.tomcat.util.net.NioEndpoint$SocketProcessor.doRun(NioEndpoint.java:1500)
2016-07-01T18:45:31.733789+00:00 app[web.1]: 	at java.util.concurrent.ThreadPoolExecutor.runWorker(ThreadPoolExecutor.java:1142)
2016-07-01T18:45:31.733791+00:00 app[web.1]: 	at org.apache.tomcat.util.threads.TaskThread$WrappingRunnable.run(TaskThread.java:61)
2016-07-01T18:45:31.733829+00:00 app[web.1]: Caused by: uy.com.uma.logicgame.api.persistencia.PersistenciaException: Error al obtener el juego 1 para el idioma en
2016-07-01T18:45:31.733865+00:00 app[web.1]: 	at uy.com.uma.logicgame.persistencia.juego.ManejadorJuego.obtener(ManejadorJuego.java:91)
2016-07-01T18:45:31.733842+00:00 app[web.1]: 	at uy.com.uma.logicgame.persistencia.juego.ManejadorJuego.obtener(ManejadorJuego.java:149)
2016-07-01T18:45:31.733885+00:00 app[web.1]: 	at uy.com.uma.logicgame.persistencia.CargadorRecursos.cargar(CargadorRecursos.java:196)
2016-07-01T18:45:31.733889+00:00 app[web.1]: 	... 21 more
2016-07-01T18:45:31.733916+00:00 app[web.1]: Caused by: javax.persistence.PersistenceException: No existe un literal con el identificador [53] para el idioma [en]
2016-07-01T18:45:31.733955+00:00 app[web.1]: 	... 25 more
2016-07-01T18:45:31.733866+00:00 app[web.1]: 	at uy.com.uma.logicgame.persistencia.juego.ManejadorJuego.actualizarRedundancias(ManejadorJuego.java:252)
2016-07-01T18:45:31.733868+00:00 app[web.1]: 	at uy.com.uma.logicgame.persistencia.CargadorRecursos.cargarJuegos(CargadorRecursos.java:270)
2016-07-01T18:45:31.733920+00:00 app[web.1]: 	at uy.com.uma.logicgame.persistencia.inter.ManejadorInternacionalizacion.getTexto(ManejadorInternacionalizacion.java:64)
2016-07-01T18:45:31.733945+00:00 app[web.1]: 	at uy.com.uma.logicgame.persistencia.juego.ManejadorJuego.obtener(ManejadorJuego.java:111)
2016-07-01T18:45:31.731284+00:00 heroku[router]: at=info method=POST path="/jsp/upload" host=logicgame.herokuapp.com request_id=1a00a68f-b2d7-4589-89b5-159927ffead1 fwd="190.64.1.7" dyno=web.1 connect=57ms service=5075ms status=200 bytes=254
2016-07-01T18:47:27.618292+00:00 heroku[router]: at=info method=GET path="/js/UtilLG.js" host=logicgame.herokuapp.com request_id=9965ead0-ad95-4c5e-9986-c12bfe1c207d fwd="190.64.1.7" dyno=web.1 connect=0ms service=2ms status=304 bytes=142
2016-07-01T18:47:27.307127+00:00 heroku[router]: at=info method=GET path="/js/jquery-1.11.3.min.js" host=logicgame.herokuapp.com request_id=c51c2a8f-64db-4e9e-8323-81c4b29f50d2 fwd="190.64.1.7" dyno=web.1 connect=0ms service=2ms status=304 bytes=143
2016-07-01T18:47:27.092453+00:00 heroku[router]: at=info method=GET path="/admlg.html" host=logicgame.herokuapp.com request_id=42f3b5d3-fc57-4cea-a65e-cb212b15fdb0 fwd="190.64.1.7" dyno=web.1 connect=0ms service=2ms status=304 bytes=141
2016-07-01T18:47:27.646933+00:00 heroku[router]: at=info method=GET path="/js/admlg.js" host=logicgame.herokuapp.com request_id=194d86fa-4a2b-47cf-ad13-bbeb38549980 fwd="190.64.1.7" dyno=web.1 connect=0ms service=2ms status=304 bytes=142
2016-07-01T18:47:31.997549+00:00 heroku[router]: at=info method=POST path="/login.admdo" host=logicgame.herokuapp.com request_id=8ac28a67-2677-4d28-8daa-282758906385 fwd="190.64.1.7" dyno=web.1 connect=0ms service=5ms status=200 bytes=348
2016-07-01T18:47:32.189404+00:00 heroku[router]: at=info method=GET path="/jsp/admlg.jsp" host=logicgame.herokuapp.com request_id=4eac47c3-62e7-496a-a051-751f711de6a1 fwd="190.64.1.7" dyno=web.1 connect=0ms service=2ms status=200 bytes=1409
2016-07-01T18:47:38.651789+00:00 app[web.1]: Jul 01, 2016 6:47:38 PM org.hibernate.cfg.Configuration configure
2016-07-01T18:47:38.664733+00:00 app[web.1]: Jul 01, 2016 6:47:38 PM org.hibernate.cfg.Configuration doConfigure
2016-07-01T18:47:38.650596+00:00 app[web.1]: La variable de la ruta de configuracion del environment es: [LOGICGAME_HOME] y su contenido es [conf]
2016-07-01T18:47:38.651797+00:00 app[web.1]: INFO: HHH000042: Configuring from file: hibernate.cfg.xml
2016-07-01T18:47:38.650612+00:00 app[web.1]: Obteniendo la configuracion de hibernate de: [conf/hibernate.cfg.xml]
2016-07-01T18:47:38.664923+00:00 app[web.1]: Configurando la base de datos a partir de la variable de environment DATABASE_URL [postgres://dgvhzbfermqvai:mpsmsSCK-HSZ1CwJbIF4FORG6D@ec2-54-243-249-173.compute-1.amazonaws.com:5432/d1e1h6ds9p57v5]
2016-07-01T18:47:38.664754+00:00 app[web.1]: INFO: HHH000041: Configured SessionFactory: null
2016-07-01T18:47:38.684577+00:00 app[web.1]: Jul 01, 2016 6:47:38 PM org.hibernate.engine.jdbc.connections.internal.DriverManagerConnectionProviderImpl configure
2016-07-01T18:47:38.685353+00:00 app[web.1]: Jul 01, 2016 6:47:38 PM org.hibernate.engine.jdbc.connections.internal.DriverManagerConnectionProviderImpl buildCreator
2016-07-01T18:47:38.684933+00:00 app[web.1]: INFO: HHH000401: using driver [null] at URL [jdbc:postgresql://ec2-54-243-249-173.compute-1.amazonaws.com:5432/d1e1h6ds9p57v5]
2016-07-01T18:47:38.684586+00:00 app[web.1]: WARN: HHH000402: Using Hibernate built-in connection pool (not for production use!)
2016-07-01T18:47:38.684922+00:00 app[web.1]: Jul 01, 2016 6:47:38 PM org.hibernate.engine.jdbc.connections.internal.DriverManagerConnectionProviderImpl buildCreator
2016-07-01T18:47:38.685514+00:00 app[web.1]: Jul 01, 2016 6:47:38 PM org.hibernate.engine.jdbc.connections.internal.DriverManagerConnectionProviderImpl buildCreator
2016-07-01T18:47:38.685517+00:00 app[web.1]: INFO: HHH000006: Autocommit mode: false
2016-07-01T18:47:38.685361+00:00 app[web.1]: INFO: HHH000046: Connection properties: {user=dgvhzbfermqvai, password=****}
2016-07-01T18:47:38.685793+00:00 app[web.1]: Jul 01, 2016 6:47:38 PM org.hibernate.engine.jdbc.connections.internal.DriverManagerConnectionProviderImpl configure
2016-07-01T18:47:38.685806+00:00 app[web.1]: INFO: HHH000115: Hibernate connection pool size: 20 (min=1)
2016-07-01T18:47:39.450927+00:00 app[web.1]: Jul 01, 2016 6:47:39 PM org.hibernate.mapping.RootClass checkCompositeIdentifier
2016-07-01T18:47:39.450973+00:00 app[web.1]: WARN: HHH000038: Composite-id class does not override equals(): uy.com.uma.logicgame.persistencia.juego.ValorPK
2016-07-01T18:47:39.452568+00:00 app[web.1]: Jul 01, 2016 6:47:39 PM org.hibernate.mapping.RootClass checkCompositeIdentifier
2016-07-01T18:47:39.379812+00:00 app[web.1]: INFO: HHH000400: Using dialect: org.hibernate.dialect.PostgreSQL9Dialect
2016-07-01T18:47:39.383737+00:00 app[web.1]: Jul 01, 2016 6:47:39 PM org.hibernate.engine.jdbc.internal.LobCreatorBuilder useContextualLobCreation
2016-07-01T18:47:39.451224+00:00 app[web.1]: WARN: HHH000039: Composite-id class does not override hashCode(): uy.com.uma.logicgame.persistencia.juego.ValorPK
2016-07-01T18:47:39.379697+00:00 app[web.1]: Jul 01, 2016 6:47:39 PM org.hibernate.dialect.Dialect <init>
2016-07-01T18:47:39.451215+00:00 app[web.1]: Jul 01, 2016 6:47:39 PM org.hibernate.mapping.RootClass checkCompositeIdentifier
2016-07-01T18:47:39.452906+00:00 app[web.1]: Jul 01, 2016 6:47:39 PM org.hibernate.mapping.RootClass checkCompositeIdentifier
2016-07-01T18:47:39.452914+00:00 app[web.1]: WARN: HHH000039: Composite-id class does not override hashCode(): uy.com.uma.logicgame.persistencia.juego.JuegoXIdiomaPK
2016-07-01T18:47:39.455245+00:00 app[web.1]: Jul 01, 2016 6:47:39 PM org.hibernate.mapping.RootClass checkCompositeIdentifier
2016-07-01T18:47:39.455258+00:00 app[web.1]: WARN: HHH000038: Composite-id class does not override equals(): uy.com.uma.logicgame.persistencia.juego.PistaPK
2016-07-01T18:47:39.455526+00:00 app[web.1]: Jul 01, 2016 6:47:39 PM org.hibernate.mapping.RootClass checkCompositeIdentifier
2016-07-01T18:47:39.458897+00:00 app[web.1]: Jul 01, 2016 6:47:39 PM org.hibernate.mapping.RootClass checkCompositeIdentifier
2016-07-01T18:47:39.456594+00:00 app[web.1]: Jul 01, 2016 6:47:39 PM org.hibernate.mapping.RootClass checkCompositeIdentifier
2016-07-01T18:47:39.456912+00:00 app[web.1]: WARN: HHH000039: Composite-id class does not override hashCode(): uy.com.uma.logicgame.persistencia.juego.DimensionPK
2016-07-01T18:47:39.383769+00:00 app[web.1]: INFO: HHH000424: Disabling contextual LOB creation as createClob() method threw error : java.lang.reflect.InvocationTargetException
2016-07-01T18:47:39.458214+00:00 app[web.1]: Jul 01, 2016 6:47:39 PM org.hibernate.mapping.RootClass checkCompositeIdentifier
2016-07-01T18:47:39.458216+00:00 app[web.1]: WARN: HHH000038: Composite-id class does not override equals(): uy.com.uma.logicgame.persistencia.seguridad.RutaPK
2016-07-01T18:47:39.452577+00:00 app[web.1]: WARN: HHH000038: Composite-id class does not override equals(): uy.com.uma.logicgame.persistencia.juego.JuegoXIdiomaPK
2016-07-01T18:47:39.455533+00:00 app[web.1]: WARN: HHH000039: Composite-id class does not override hashCode(): uy.com.uma.logicgame.persistencia.juego.PistaPK
2016-07-01T18:47:39.456596+00:00 app[web.1]: WARN: HHH000038: Composite-id class does not override equals(): uy.com.uma.logicgame.persistencia.juego.DimensionPK
2016-07-01T18:47:39.456909+00:00 app[web.1]: Jul 01, 2016 6:47:39 PM org.hibernate.mapping.RootClass checkCompositeIdentifier
2016-07-01T18:47:39.458903+00:00 app[web.1]: WARN: HHH000039: Composite-id class does not override hashCode(): uy.com.uma.logicgame.persistencia.seguridad.RutaPK
2016-07-01T18:47:39.460184+00:00 app[web.1]: Jul 01, 2016 6:47:39 PM org.hibernate.mapping.RootClass checkCompositeIdentifier
2016-07-01T18:47:39.461803+00:00 app[web.1]: WARN: HHH000039: Composite-id class does not override hashCode(): uy.com.uma.logicgame.persistencia.juego.PistaJuegoPK
2016-07-01T18:47:39.460493+00:00 app[web.1]: Jul 01, 2016 6:47:39 PM org.hibernate.mapping.RootClass checkCompositeIdentifier
2016-07-01T18:47:39.460507+00:00 app[web.1]: WARN: HHH000039: Composite-id class does not override hashCode(): uy.com.uma.logicgame.persistencia.inter.LiteralPK
2016-07-01T18:47:39.460193+00:00 app[web.1]: WARN: HHH000038: Composite-id class does not override equals(): uy.com.uma.logicgame.persistencia.inter.LiteralPK
2016-07-01T18:47:39.468417+00:00 app[web.1]: Jul 01, 2016 6:47:39 PM org.hibernate.engine.transaction.internal.TransactionFactoryInitiator initiateService
2016-07-01T18:47:39.461511+00:00 app[web.1]: WARN: HHH000038: Composite-id class does not override equals(): uy.com.uma.logicgame.persistencia.juego.PistaJuegoPK
2016-07-01T18:47:39.468437+00:00 app[web.1]: INFO: HHH000399: Using default transaction strategy (direct JDBC transactions)
2016-07-01T18:47:39.461504+00:00 app[web.1]: Jul 01, 2016 6:47:39 PM org.hibernate.mapping.RootClass checkCompositeIdentifier
2016-07-01T18:47:39.461795+00:00 app[web.1]: Jul 01, 2016 6:47:39 PM org.hibernate.mapping.RootClass checkCompositeIdentifier
2016-07-01T18:47:39.586918+00:00 app[web.1]: Jul 01, 2016 6:47:39 PM org.hibernate.tool.hbm2ddl.SchemaValidator validate
2016-07-01T18:47:39.469116+00:00 app[web.1]: Jul 01, 2016 6:47:39 PM org.hibernate.hql.internal.ast.ASTQueryTranslatorFactory <init>
2016-07-01T18:47:39.469129+00:00 app[web.1]: INFO: HHH000397: Using ASTQueryTranslatorFactory
2016-07-01T18:47:39.586938+00:00 app[web.1]: INFO: HHH000229: Running schema validator
2016-07-01T18:47:39.587231+00:00 app[web.1]: Jul 01, 2016 6:47:39 PM org.hibernate.tool.hbm2ddl.SchemaValidator validate
2016-07-01T18:47:39.604900+00:00 app[web.1]: Jul 01, 2016 6:47:39 PM org.hibernate.tool.hbm2ddl.TableMetadata <init>
2016-07-01T18:47:39.604920+00:00 app[web.1]: INFO: HHH000261: Table found: public.idiomas
2016-07-01T18:47:39.605416+00:00 app[web.1]: Jul 01, 2016 6:47:39 PM org.hibernate.tool.hbm2ddl.TableMetadata <init>
2016-07-01T18:47:39.587233+00:00 app[web.1]: INFO: HHH000102: Fetching database metadata
2016-07-01T18:47:39.598813+00:00 app[web.1]: INFO: HHH000261: Table found: public.dimensiones
2016-07-01T18:47:39.598970+00:00 app[web.1]: Jul 01, 2016 6:47:39 PM org.hibernate.tool.hbm2ddl.TableMetadata <init>
2016-07-01T18:47:39.598972+00:00 app[web.1]: INFO: HHH000037: Columns: [sec, id, id_juego]
2016-07-01T18:47:39.626648+00:00 app[web.1]: Jul 01, 2016 6:47:39 PM org.hibernate.tool.hbm2ddl.TableMetadata <init>
2016-07-01T18:47:39.598796+00:00 app[web.1]: Jul 01, 2016 6:47:39 PM org.hibernate.tool.hbm2ddl.TableMetadata <init>
2016-07-01T18:47:39.626650+00:00 app[web.1]: INFO: HHH000037: Columns: [texto, idioma, id]
2016-07-01T18:47:39.605430+00:00 app[web.1]: INFO: HHH000037: Columns: [icono, id, nombre]
2016-07-01T18:47:39.614179+00:00 app[web.1]: Jul 01, 2016 6:47:39 PM org.hibernate.tool.hbm2ddl.TableMetadata <init>
2016-07-01T18:47:39.614203+00:00 app[web.1]: INFO: HHH000261: Table found: public.juegos
2016-07-01T18:47:39.614482+00:00 app[web.1]: Jul 01, 2016 6:47:39 PM org.hibernate.tool.hbm2ddl.TableMetadata <init>
2016-07-01T18:47:39.614491+00:00 app[web.1]: INFO: HHH000037: Columns: [texto, cant_valores, cant_dims, costo, titulo, id, solucion]
2016-07-01T18:47:39.620070+00:00 app[web.1]: Jul 01, 2016 6:47:39 PM org.hibernate.tool.hbm2ddl.TableMetadata <init>
2016-07-01T18:47:39.620079+00:00 app[web.1]: INFO: HHH000261: Table found: public.juegosxidioma
2016-07-01T18:47:39.620321+00:00 app[web.1]: Jul 01, 2016 6:47:39 PM org.hibernate.tool.hbm2ddl.TableMetadata <init>
2016-07-01T18:47:39.620327+00:00 app[web.1]: INFO: HHH000037: Columns: [idioma, id_juego, def_juego]
2016-07-01T18:47:39.626470+00:00 app[web.1]: Jul 01, 2016 6:47:39 PM org.hibernate.tool.hbm2ddl.TableMetadata <init>
2016-07-01T18:47:39.626480+00:00 app[web.1]: INFO: HHH000261: Table found: public.literales
2016-07-01T18:47:39.742869+00:00 heroku[router]: at=info method=POST path="/jsp/upload" host=logicgame.herokuapp.com request_id=b22b234d-042e-4c4e-a081-22c5662594d1 fwd="190.64.1.7" dyno=web.1 connect=0ms service=1062ms status=200 bytes=295
2016-07-01T18:51:34.130594+00:00 heroku[router]: at=info method=GET path="/admlg.html" host=logicgame.herokuapp.com request_id=b83f62da-b079-4e10-80b7-d80caa4d0567 fwd="190.64.1.7" dyno=web.1 connect=0ms service=1ms status=304 bytes=141
2016-07-01T18:51:34.349154+00:00 heroku[router]: at=info method=GET path="/js/jquery-1.11.3.min.js" host=logicgame.herokuapp.com request_id=42a9f6fd-1456-473b-969a-c7c8c950feee fwd="190.64.1.7" dyno=web.1 connect=0ms service=2ms status=304 bytes=143
2016-07-01T18:51:34.689133+00:00 heroku[router]: at=info method=GET path="/js/UtilLG.js" host=logicgame.herokuapp.com request_id=e827aa28-710b-4c91-87b6-43e792215cb4 fwd="190.64.1.7" dyno=web.1 connect=0ms service=2ms status=304 bytes=142
2016-07-01T18:51:34.748099+00:00 heroku[router]: at=info method=GET path="/js/admlg.js" host=logicgame.herokuapp.com request_id=558bcf5a-b5ac-4f88-ace7-8e64bdfd6ff9 fwd="190.64.1.7" dyno=web.1 connect=0ms service=1ms status=304 bytes=142
2016-07-01T18:51:39.203400+00:00 heroku[router]: at=info method=POST path="/login.admdo" host=logicgame.herokuapp.com request_id=5ea43dbb-00b0-450f-8f27-7ab3b394ad67 fwd="190.64.1.7" dyno=web.1 connect=0ms service=3ms status=200 bytes=348
2016-07-01T18:51:39.398622+00:00 heroku[router]: at=info method=GET path="/jsp/admlg.jsp" host=logicgame.herokuapp.com request_id=ec0c4794-98e8-4af6-b8fb-5bfa25a06f2f fwd="190.64.1.7" dyno=web.1 connect=0ms service=8ms status=200 bytes=1409
2016-07-01T18:51:48.301265+00:00 app[web.1]: La variable de la ruta de configuracion del environment es: [LOGICGAME_HOME] y su contenido es [conf]
2016-07-01T18:51:48.301289+00:00 app[web.1]: Obteniendo la configuracion de hibernate de: [conf/hibernate.cfg.xml]
2016-07-01T18:51:48.301960+00:00 app[web.1]: Jul 01, 2016 6:51:48 PM org.hibernate.cfg.Configuration configure
2016-07-01T18:51:48.301970+00:00 app[web.1]: INFO: HHH000042: Configuring from file: hibernate.cfg.xml
2016-07-01T18:51:48.309012+00:00 app[web.1]: Jul 01, 2016 6:51:48 PM org.hibernate.cfg.Configuration doConfigure
2016-07-01T18:51:48.309028+00:00 app[web.1]: INFO: HHH000041: Configured SessionFactory: null
2016-07-01T18:51:48.309187+00:00 app[web.1]: Configurando la base de datos a partir de la variable de environment DATABASE_URL [postgres://dgvhzbfermqvai:mpsmsSCK-HSZ1CwJbIF4FORG6D@ec2-54-243-249-173.compute-1.amazonaws.com:5432/d1e1h6ds9p57v5]
2016-07-01T18:51:48.312192+00:00 app[web.1]: Jul 01, 2016 6:51:48 PM org.hibernate.engine.jdbc.connections.internal.DriverManagerConnectionProviderImpl configure
2016-07-01T18:51:48.312213+00:00 app[web.1]: WARN: HHH000402: Using Hibernate built-in connection pool (not for production use!)
2016-07-01T18:51:48.312551+00:00 app[web.1]: Jul 01, 2016 6:51:48 PM org.hibernate.engine.jdbc.connections.internal.DriverManagerConnectionProviderImpl buildCreator
2016-07-01T18:51:48.312566+00:00 app[web.1]: INFO: HHH000401: using driver [null] at URL [jdbc:postgresql://ec2-54-243-249-173.compute-1.amazonaws.com:5432/d1e1h6ds9p57v5]
2016-07-01T18:51:48.313014+00:00 app[web.1]: Jul 01, 2016 6:51:48 PM org.hibernate.engine.jdbc.connections.internal.DriverManagerConnectionProviderImpl buildCreator
2016-07-01T18:51:48.313030+00:00 app[web.1]: INFO: HHH000046: Connection properties: {user=dgvhzbfermqvai, password=****}
2016-07-01T18:51:48.313358+00:00 app[web.1]: Jul 01, 2016 6:51:48 PM org.hibernate.engine.jdbc.connections.internal.DriverManagerConnectionProviderImpl buildCreator
2016-07-01T18:51:48.313373+00:00 app[web.1]: INFO: HHH000006: Autocommit mode: false
2016-07-01T18:51:48.313665+00:00 app[web.1]: Jul 01, 2016 6:51:48 PM org.hibernate.engine.jdbc.connections.internal.DriverManagerConnectionProviderImpl configure
2016-07-01T18:51:48.313674+00:00 app[web.1]: INFO: HHH000115: Hibernate connection pool size: 20 (min=1)
2016-07-01T18:51:48.921441+00:00 app[web.1]: Jul 01, 2016 6:51:48 PM org.hibernate.dialect.Dialect <init>
2016-07-01T18:51:48.921465+00:00 app[web.1]: INFO: HHH000400: Using dialect: org.hibernate.dialect.PostgreSQL9Dialect
2016-07-01T18:51:48.922290+00:00 app[web.1]: Jul 01, 2016 6:51:48 PM org.hibernate.engine.jdbc.internal.LobCreatorBuilder useContextualLobCreation
2016-07-01T18:51:48.922333+00:00 app[web.1]: INFO: HHH000424: Disabling contextual LOB creation as createClob() method threw error : java.lang.reflect.InvocationTargetException
2016-07-01T18:51:49.019512+00:00 app[web.1]: Jul 01, 2016 6:51:49 PM org.hibernate.mapping.RootClass checkCompositeIdentifier
2016-07-01T18:51:49.019525+00:00 app[web.1]: WARN: HHH000038: Composite-id class does not override equals(): uy.com.uma.logicgame.persistencia.juego.ValorPK
2016-07-01T18:51:49.019888+00:00 app[web.1]: Jul 01, 2016 6:51:49 PM org.hibernate.mapping.RootClass checkCompositeIdentifier
2016-07-01T18:51:49.019897+00:00 app[web.1]: WARN: HHH000039: Composite-id class does not override hashCode(): uy.com.uma.logicgame.persistencia.juego.ValorPK
2016-07-01T18:51:49.021306+00:00 app[web.1]: Jul 01, 2016 6:51:49 PM org.hibernate.mapping.RootClass checkCompositeIdentifier
2016-07-01T18:51:49.021313+00:00 app[web.1]: WARN: HHH000038: Composite-id class does not override equals(): uy.com.uma.logicgame.persistencia.juego.JuegoXIdiomaPK
2016-07-01T18:51:49.021601+00:00 app[web.1]: Jul 01, 2016 6:51:49 PM org.hibernate.mapping.RootClass checkCompositeIdentifier
2016-07-01T18:51:49.021607+00:00 app[web.1]: WARN: HHH000039: Composite-id class does not override hashCode(): uy.com.uma.logicgame.persistencia.juego.JuegoXIdiomaPK
2016-07-01T18:51:49.024139+00:00 app[web.1]: Jul 01, 2016 6:51:49 PM org.hibernate.mapping.RootClass checkCompositeIdentifier
2016-07-01T18:51:49.024148+00:00 app[web.1]: WARN: HHH000038: Composite-id class does not override equals(): uy.com.uma.logicgame.persistencia.juego.PistaPK
2016-07-01T18:51:49.024468+00:00 app[web.1]: Jul 01, 2016 6:51:49 PM org.hibernate.mapping.RootClass checkCompositeIdentifier
2016-07-01T18:51:49.024476+00:00 app[web.1]: WARN: HHH000039: Composite-id class does not override hashCode(): uy.com.uma.logicgame.persistencia.juego.PistaPK
2016-07-01T18:51:49.025552+00:00 app[web.1]: Jul 01, 2016 6:51:49 PM org.hibernate.mapping.RootClass checkCompositeIdentifier
2016-07-01T18:51:49.025559+00:00 app[web.1]: WARN: HHH000038: Composite-id class does not override equals(): uy.com.uma.logicgame.persistencia.juego.DimensionPK
2016-07-01T18:51:49.025859+00:00 app[web.1]: Jul 01, 2016 6:51:49 PM org.hibernate.mapping.RootClass checkCompositeIdentifier
2016-07-01T18:51:49.025865+00:00 app[web.1]: WARN: HHH000039: Composite-id class does not override hashCode(): uy.com.uma.logicgame.persistencia.juego.DimensionPK
2016-07-01T18:51:49.027331+00:00 app[web.1]: Jul 01, 2016 6:51:49 PM org.hibernate.mapping.RootClass checkCompositeIdentifier
2016-07-01T18:51:49.027341+00:00 app[web.1]: WARN: HHH000038: Composite-id class does not override equals(): uy.com.uma.logicgame.persistencia.seguridad.RutaPK
2016-07-01T18:51:49.027636+00:00 app[web.1]: Jul 01, 2016 6:51:49 PM org.hibernate.mapping.RootClass checkCompositeIdentifier
2016-07-01T18:51:49.027643+00:00 app[web.1]: WARN: HHH000039: Composite-id class does not override hashCode(): uy.com.uma.logicgame.persistencia.seguridad.RutaPK
2016-07-01T18:51:49.028962+00:00 app[web.1]: Jul 01, 2016 6:51:49 PM org.hibernate.mapping.RootClass checkCompositeIdentifier
2016-07-01T18:51:49.028972+00:00 app[web.1]: WARN: HHH000038: Composite-id class does not override equals(): uy.com.uma.logicgame.persistencia.inter.LiteralPK
2016-07-01T18:51:49.029275+00:00 app[web.1]: Jul 01, 2016 6:51:49 PM org.hibernate.mapping.RootClass checkCompositeIdentifier
2016-07-01T18:51:49.029279+00:00 app[web.1]: WARN: HHH000039: Composite-id class does not override hashCode(): uy.com.uma.logicgame.persistencia.inter.LiteralPK
2016-07-01T18:51:49.043843+00:00 app[web.1]: Jul 01, 2016 6:51:49 PM org.hibernate.mapping.RootClass checkCompositeIdentifier
2016-07-01T18:51:49.043857+00:00 app[web.1]: WARN: HHH000038: Composite-id class does not override equals(): uy.com.uma.logicgame.persistencia.juego.PistaJuegoPK
2016-07-01T18:51:49.044109+00:00 app[web.1]: Jul 01, 2016 6:51:49 PM org.hibernate.mapping.RootClass checkCompositeIdentifier
2016-07-01T18:51:49.044114+00:00 app[web.1]: WARN: HHH000039: Composite-id class does not override hashCode(): uy.com.uma.logicgame.persistencia.juego.PistaJuegoPK
2016-07-01T18:51:49.053944+00:00 app[web.1]: Jul 01, 2016 6:51:49 PM org.hibernate.engine.transaction.internal.TransactionFactoryInitiator initiateService
2016-07-01T18:51:49.053957+00:00 app[web.1]: INFO: HHH000399: Using default transaction strategy (direct JDBC transactions)
2016-07-01T18:51:49.054498+00:00 app[web.1]: Jul 01, 2016 6:51:49 PM org.hibernate.hql.internal.ast.ASTQueryTranslatorFactory <init>
2016-07-01T18:51:49.054505+00:00 app[web.1]: INFO: HHH000397: Using ASTQueryTranslatorFactory
2016-07-01T18:51:49.198145+00:00 app[web.1]: Jul 01, 2016 6:51:49 PM org.hibernate.tool.hbm2ddl.SchemaValidator validate
2016-07-01T18:51:49.198179+00:00 app[web.1]: INFO: HHH000229: Running schema validator
2016-07-01T18:51:49.198357+00:00 app[web.1]: Jul 01, 2016 6:51:49 PM org.hibernate.tool.hbm2ddl.SchemaValidator validate
2016-07-01T18:51:49.198367+00:00 app[web.1]: INFO: HHH000102: Fetching database metadata
2016-07-01T18:51:49.214729+00:00 app[web.1]: Jul 01, 2016 6:51:49 PM org.hibernate.tool.hbm2ddl.TableMetadata <init>
2016-07-01T18:51:49.214739+00:00 app[web.1]: INFO: HHH000261: Table found: public.dimensiones
2016-07-01T18:51:49.214995+00:00 app[web.1]: Jul 01, 2016 6:51:49 PM org.hibernate.tool.hbm2ddl.TableMetadata <init>
2016-07-01T18:51:49.215000+00:00 app[web.1]: INFO: HHH000037: Columns: [sec, id, id_juego]
2016-07-01T18:51:49.222971+00:00 app[web.1]: Jul 01, 2016 6:51:49 PM org.hibernate.tool.hbm2ddl.TableMetadata <init>
2016-07-01T18:51:49.222981+00:00 app[web.1]: INFO: HHH000261: Table found: public.idiomas
2016-07-01T18:51:49.223241+00:00 app[web.1]: Jul 01, 2016 6:51:49 PM org.hibernate.tool.hbm2ddl.TableMetadata <init>
2016-07-01T18:51:49.223246+00:00 app[web.1]: INFO: HHH000037: Columns: [icono, id, nombre]
2016-07-01T18:51:49.254270+00:00 app[web.1]: Jul 01, 2016 6:51:49 PM org.hibernate.tool.hbm2ddl.TableMetadata <init>
2016-07-01T18:51:49.254279+00:00 app[web.1]: INFO: HHH000261: Table found: public.juegos
2016-07-01T18:51:49.255367+00:00 app[web.1]: Jul 01, 2016 6:51:49 PM org.hibernate.tool.hbm2ddl.TableMetadata <init>
2016-07-01T18:51:49.255372+00:00 app[web.1]: INFO: HHH000037: Columns: [texto, cant_valores, cant_dims, costo, titulo, id, solucion]
2016-07-01T18:51:49.263389+00:00 app[web.1]: Jul 01, 2016 6:51:49 PM org.hibernate.tool.hbm2ddl.TableMetadata <init>
2016-07-01T18:51:49.263401+00:00 app[web.1]: INFO: HHH000261: Table found: public.juegosxidioma
2016-07-01T18:51:49.263760+00:00 app[web.1]: Jul 01, 2016 6:51:49 PM org.hibernate.tool.hbm2ddl.TableMetadata <init>
2016-07-01T18:51:49.263766+00:00 app[web.1]: INFO: HHH000037: Columns: [idioma, id_juego, def_juego]
2016-07-01T18:51:49.270937+00:00 app[web.1]: Jul 01, 2016 6:51:49 PM org.hibernate.tool.hbm2ddl.TableMetadata <init>
2016-07-01T18:51:49.270951+00:00 app[web.1]: INFO: HHH000261: Table found: public.literales
2016-07-01T18:51:49.271225+00:00 app[web.1]: Jul 01, 2016 6:51:49 PM org.hibernate.tool.hbm2ddl.TableMetadata <init>
2016-07-01T18:51:49.271231+00:00 app[web.1]: INFO: HHH000037: Columns: [texto, idioma, id]
2016-07-01T18:51:49.277185+00:00 app[web.1]: Jul 01, 2016 6:51:49 PM org.hibernate.tool.hbm2ddl.TableMetadata <init>
2016-07-01T18:51:49.277198+00:00 app[web.1]: INFO: HHH000261: Table found: public.pistas
2016-07-01T18:51:49.277480+00:00 app[web.1]: Jul 01, 2016 6:51:49 PM org.hibernate.tool.hbm2ddl.TableMetadata <init>
2016-07-01T18:51:49.277485+00:00 app[web.1]: INFO: HHH000037: Columns: [sec, dim2, dim1, afirma_niega, valor1, valor2, sec_pista, id_juego]
2016-07-01T18:51:49.284392+00:00 app[web.1]: Jul 01, 2016 6:51:49 PM org.hibernate.tool.hbm2ddl.TableMetadata <init>
2016-07-01T18:51:49.284405+00:00 app[web.1]: INFO: HHH000261: Table found: public.pistas_juego
2016-07-01T18:51:49.284745+00:00 app[web.1]: Jul 01, 2016 6:51:49 PM org.hibernate.tool.hbm2ddl.TableMetadata <init>
2016-07-01T18:51:49.284751+00:00 app[web.1]: INFO: HHH000037: Columns: [sec, texto, id_juego]
2016-07-01T18:51:49.290733+00:00 app[web.1]: Jul 01, 2016 6:51:49 PM org.hibernate.tool.hbm2ddl.TableMetadata <init>
2016-07-01T18:51:49.290744+00:00 app[web.1]: INFO: HHH000261: Table found: public.rutas
2016-07-01T18:51:49.291155+00:00 app[web.1]: Jul 01, 2016 6:51:49 PM org.hibernate.tool.hbm2ddl.TableMetadata <init>
2016-07-01T18:51:49.291160+00:00 app[web.1]: INFO: HHH000037: Columns: [id, hoja_estilo, nivel, id_juego]
2016-07-01T18:51:49.297151+00:00 app[web.1]: Jul 01, 2016 6:51:49 PM org.hibernate.tool.hbm2ddl.TableMetadata <init>
2016-07-01T18:51:49.297165+00:00 app[web.1]: INFO: HHH000261: Table found: public.usuarios
2016-07-01T18:51:49.297441+00:00 app[web.1]: Jul 01, 2016 6:51:49 PM org.hibernate.tool.hbm2ddl.TableMetadata <init>
2016-07-01T18:51:49.297446+00:00 app[web.1]: INFO: HHH000037: Columns: [clave, estado, ruta, correo, alias, idioma, id, nivel, logeado]
2016-07-01T18:51:49.306923+00:00 app[web.1]: Jul 01, 2016 6:51:49 PM org.hibernate.tool.hbm2ddl.TableMetadata <init>
2016-07-01T18:51:49.306939+00:00 app[web.1]: INFO: HHH000261: Table found: public.valores
2016-07-01T18:51:49.307203+00:00 app[web.1]: Jul 01, 2016 6:51:49 PM org.hibernate.tool.hbm2ddl.TableMetadata <init>
2016-07-01T18:51:49.307207+00:00 app[web.1]: INFO: HHH000037: Columns: [sec, valor, id_juego, sec_dim]
2016-07-01T18:51:49.335261+00:00 app[web.1]: Jul 01, 2016 6:51:49 PM org.hibernate.engine.jdbc.connections.internal.DriverManagerConnectionProviderImpl stop
2016-07-01T18:51:49.335290+00:00 app[web.1]: INFO: HHH000030: Cleaning up connection pool [jdbc:postgresql://ec2-54-243-249-173.compute-1.amazonaws.com:5432/d1e1h6ds9p57v5]
2016-07-01T18:51:49.337278+00:00 app[web.1]: org.hibernate.service.UnknownServiceException: Unknown service requested [org.hibernate.engine.jdbc.connections.spi.ConnectionProvider]
2016-07-01T18:51:49.337294+00:00 app[web.1]: 	at org.hibernate.service.internal.AbstractServiceRegistryImpl.getService(AbstractServiceRegistryImpl.java:201)
2016-07-01T18:51:49.337295+00:00 app[web.1]: 	at org.hibernate.internal.AbstractSessionImpl.getJdbcConnectionAccess(AbstractSessionImpl.java:341)
2016-07-01T18:51:49.337296+00:00 app[web.1]: 	at org.hibernate.engine.jdbc.internal.JdbcCoordinatorImpl.<init>(JdbcCoordinatorImpl.java:114)
2016-07-01T18:51:49.337298+00:00 app[web.1]: 	at org.hibernate.engine.transaction.internal.TransactionCoordinatorImpl.<init>(TransactionCoordinatorImpl.java:89)
2016-07-01T18:51:49.337302+00:00 app[web.1]: 	at org.hibernate.internal.SessionImpl.<init>(SessionImpl.java:258)
2016-07-01T18:51:49.337315+00:00 app[web.1]: 	at org.hibernate.internal.SessionFactoryImpl$SessionBuilderImpl.openSession(SessionFactoryImpl.java:1589)
2016-07-01T18:51:49.337355+00:00 app[web.1]: 	at org.hibernate.internal.SessionFactoryImpl.openSession(SessionFactoryImpl.java:999)
2016-07-01T18:51:49.337356+00:00 app[web.1]: 	at uy.com.uma.logicgame.persistencia.juego.ManejadorJuego.existe(ManejadorJuego.java:70)
2016-07-01T18:51:49.337358+00:00 app[web.1]: 	at uy.com.uma.logicgame.persistencia.CargadorRecursos.cargarJuegos(CargadorRecursos.java:264)
2016-07-01T18:51:49.337394+00:00 app[web.1]: 	at uy.com.uma.logicgame.persistencia.CargadorRecursos.cargar(CargadorRecursos.java:196)
2016-07-01T18:51:49.337395+00:00 app[web.1]: 	at uy.com.uma.logicgame.fe.web.servlets.AdmUploadServlet.processRequest(AdmUploadServlet.java:107)
2016-07-01T18:51:49.337397+00:00 app[web.1]: 	at uy.com.uma.logicgame.fe.web.servlets.AdmUploadServlet.doPost(AdmUploadServlet.java:70)
2016-07-01T18:51:49.337424+00:00 app[web.1]: 	at javax.servlet.http.HttpServlet.service(HttpServlet.java:648)
2016-07-01T18:51:49.337425+00:00 app[web.1]: 	at javax.servlet.http.HttpServlet.service(HttpServlet.java:729)
2016-07-01T18:51:49.337428+00:00 app[web.1]: 	at org.apache.catalina.core.ApplicationFilterChain.internalDoFilter(ApplicationFilterChain.java:291)
2016-07-01T18:51:49.337446+00:00 app[web.1]: 	at org.apache.catalina.core.ApplicationFilterChain.doFilter(ApplicationFilterChain.java:206)
2016-07-01T18:51:49.337449+00:00 app[web.1]: 	at org.apache.catalina.core.StandardWrapperValve.invoke(StandardWrapperValve.java:217)
2016-07-01T18:51:49.337452+00:00 app[web.1]: 	at org.apache.catalina.core.StandardContextValve.invoke(StandardContextValve.java:106)
2016-07-01T18:51:49.337468+00:00 app[web.1]: 	at org.apache.catalina.authenticator.AuthenticatorBase.invoke(AuthenticatorBase.java:502)
2016-07-01T18:51:49.337471+00:00 app[web.1]: 	at org.apache.catalina.core.StandardHostValve.invoke(StandardHostValve.java:142)
2016-07-01T18:51:49.337488+00:00 app[web.1]: 	at org.apache.catalina.valves.ErrorReportValve.invoke(ErrorReportValve.java:79)
2016-07-01T18:51:49.337491+00:00 app[web.1]: 	at org.apache.catalina.core.StandardEngineValve.invoke(StandardEngineValve.java:88)
2016-07-01T18:51:49.337495+00:00 app[web.1]: 	at org.apache.catalina.connector.CoyoteAdapter.service(CoyoteAdapter.java:518)
2016-07-01T18:51:49.337510+00:00 app[web.1]: 	at org.apache.coyote.http11.AbstractHttp11Processor.process(AbstractHttp11Processor.java:1091)
2016-07-01T18:51:49.337513+00:00 app[web.1]: 	at org.apache.coyote.AbstractProtocol$AbstractConnectionHandler.process(AbstractProtocol.java:673)
2016-07-01T18:51:49.337528+00:00 app[web.1]: 	at org.apache.tomcat.util.net.NioEndpoint$SocketProcessor.doRun(NioEndpoint.java:1500)
2016-07-01T18:51:49.337545+00:00 app[web.1]: 	at org.apache.tomcat.util.net.NioEndpoint$SocketProcessor.run(NioEndpoint.java:1456)
2016-07-01T18:51:49.337549+00:00 app[web.1]: 	at java.util.concurrent.ThreadPoolExecutor.runWorker(ThreadPoolExecutor.java:1142)
2016-07-01T18:51:49.337578+00:00 app[web.1]: 	at java.util.concurrent.ThreadPoolExecutor$Worker.run(ThreadPoolExecutor.java:617)
2016-07-01T18:51:49.337579+00:00 app[web.1]: 	at org.apache.tomcat.util.threads.TaskThread$WrappingRunnable.run(TaskThread.java:61)
2016-07-01T18:51:49.337580+00:00 app[web.1]: 	at java.lang.Thread.run(Thread.java:745)
2016-07-01T18:51:49.339212+00:00 heroku[router]: at=info method=POST path="/jsp/upload" host=logicgame.herokuapp.com request_id=2c15be73-cd59-4bbe-8d5d-38c945982c31 fwd="190.64.1.7" dyno=web.1 connect=0ms service=1039ms status=200 bytes=295
